2019-03-07 18:27:31.804 [main] INFO  org.cxytiandi.conf.web.App - Starting App on QF-232 with PID 16884 (D:\CodeSpace\practise\lw-springcloud\cxytiandi-conf-web\target\classes started by wei.liu in D:\CodeSpace\practise\lw-springcloud)
2019-03-07 18:27:31.807 [main] INFO  org.cxytiandi.conf.web.App - No active profile set, falling back to default profiles: default
2019-03-07 18:27:31.864 [main] INFO  o.s.b.c.e.AnnotationConfigEmbeddedWebApplicationContext - Refreshing org.springframework.boot.context.embedded.AnnotationConfigEmbeddedWebApplicationContext@1cb4f5f: startup date [Thu Mar 07 18:27:31 CST 2019]; root of context hierarchy
2019-03-07 18:27:31.917 [background-preinit] INFO  org.hibernate.validator.internal.util.Version - HV000001: Hibernate Validator 5.2.4.Final
2019-03-07 18:27:33.704 [main] INFO  o.s.b.c.e.tomcat.TomcatEmbeddedServletContainer - Tomcat initialized with port(s): 8080 (http)
2019-03-07 18:27:33.715 [main] INFO  org.apache.catalina.core.StandardService - Starting service Tomcat
2019-03-07 18:27:33.717 [main] INFO  org.apache.catalina.core.StandardEngine - Starting Servlet Engine: Apache Tomcat/8.5.6
2019-03-07 18:27:33.814 [localhost-startStop-1] INFO  o.a.c.core.ContainerBase.[Tomcat].[localhost].[/] - Initializing Spring embedded WebApplicationContext
2019-03-07 18:27:33.814 [localhost-startStop-1] INFO  org.springframework.web.context.ContextLoader - Root WebApplicationContext: initialization completed in 1950 ms
2019-03-07 18:27:34.402 [localhost-startStop-1] INFO  org.mongodb.driver.cluster - Cluster created with settings {hosts=[localhost:27017], mode=MULTIPLE, requiredClusterType=UNKNOWN, serverSelectionTimeout='30000 ms', maxWaitQueueSize=500}
2019-03-07 18:27:34.402 [localhost-startStop-1] INFO  org.mongodb.driver.cluster - Adding discovered server localhost:27017 to client view of cluster
2019-03-07 18:27:34.464 [cluster-ClusterId{value='5c80f216f4815c41f499e291', description='null'}-localhost:27017] INFO  org.mongodb.driver.connection - Opened connection [connectionId{localValue:1, serverValue:9}] to localhost:27017
2019-03-07 18:27:34.469 [cluster-ClusterId{value='5c80f216f4815c41f499e291', description='null'}-localhost:27017] INFO  org.mongodb.driver.cluster - Monitor thread successfully connected to server with description ServerDescription{address=localhost:27017, type=STANDALONE, state=CONNECTED, ok=true, version=ServerVersion{versionList=[4, 0, 6]}, minWireVersion=0, maxWireVersion=7, maxDocumentSize=16777216, roundTripTimeNanos=600172}
2019-03-07 18:27:34.472 [cluster-ClusterId{value='5c80f216f4815c41f499e291', description='null'}-localhost:27017] INFO  org.mongodb.driver.cluster - Discovered cluster type of STANDALONE
2019-03-07 18:27:34.675 [localhost-startStop-1] INFO  org.mongodb.driver.connection - Opened connection [connectionId{localValue:2, serverValue:10}] to localhost:27017
2019-03-07 18:27:34.819 [localhost-startStop-1] INFO  o.s.boot.web.servlet.FilterRegistrationBean - Mapping filter: 'characterEncodingFilter' to: [/*]
2019-03-07 18:27:34.820 [localhost-startStop-1] INFO  o.s.boot.web.servlet.FilterRegistrationBean - Mapping filter: 'hiddenHttpMethodFilter' to: [/*]
2019-03-07 18:27:34.820 [localhost-startStop-1] INFO  o.s.boot.web.servlet.FilterRegistrationBean - Mapping filter: 'httpPutFormContentFilter' to: [/*]
2019-03-07 18:27:34.820 [localhost-startStop-1] INFO  o.s.boot.web.servlet.FilterRegistrationBean - Mapping filter: 'requestContextFilter' to: [/*]
2019-03-07 18:27:34.821 [localhost-startStop-1] INFO  o.s.boot.web.servlet.FilterRegistrationBean - Mapping filter: 'HTTPBasicAuthorizeFilter' to urls: [/*]
2019-03-07 18:27:34.821 [localhost-startStop-1] INFO  o.s.boot.web.servlet.ServletRegistrationBean - Mapping servlet: 'dispatcherServlet' to [/]
2019-03-07 18:27:34.904 [localhost-startStop-1] WARN  org.apache.curator.CuratorZookeeperClient - session timeout [1000] is less than connection timeout [15000]
2019-03-07 18:27:34.925 [localhost-startStop-1] INFO  o.a.curator.framework.imps.CuratorFrameworkImpl - Starting
2019-03-07 18:27:34.946 [localhost-startStop-1] INFO  org.apache.zookeeper.ZooKeeper - Client environment:zookeeper.version=3.4.6-1569965, built on 02/20/2014 09:09 GMT
2019-03-07 18:27:34.946 [localhost-startStop-1] INFO  org.apache.zookeeper.ZooKeeper - Client environment:host.name=QF-232.qiaofang.local
2019-03-07 18:27:34.946 [localhost-startStop-1] INFO  org.apache.zookeeper.ZooKeeper - Client environment:java.version=1.8.0_71
2019-03-07 18:27:34.946 [localhost-startStop-1] INFO  org.apache.zookeeper.ZooKeeper - Client environment:java.vendor=Oracle Corporation
2019-03-07 18:27:34.946 [localhost-startStop-1] INFO  org.apache.zookeeper.ZooKeeper - Client environment:java.home=D:\java\jdk1.8\jre
2019-03-07 18:27:34.946 [localhost-startStop-1] INFO  org.apache.zookeeper.ZooKeeper - Client environment:java.class.path=D:\java\jdk1.8\jre\lib\charsets.jar;D:\java\jdk1.8\jre\lib\deploy.jar;D:\java\jdk1.8\jre\lib\ext\access-bridge-32.jar;D:\java\jdk1.8\jre\lib\ext\cldrdata.jar;D:\java\jdk1.8\jre\lib\ext\dnsns.jar;D:\java\jdk1.8\jre\lib\ext\jaccess.jar;D:\java\jdk1.8\jre\lib\ext\jfxrt.jar;D:\java\jdk1.8\jre\lib\ext\localedata.jar;D:\java\jdk1.8\jre\lib\ext\nashorn.jar;D:\java\jdk1.8\jre\lib\ext\sunec.jar;D:\java\jdk1.8\jre\lib\ext\sunjce_provider.jar;D:\java\jdk1.8\jre\lib\ext\sunmscapi.jar;D:\java\jdk1.8\jre\lib\ext\sunpkcs11.jar;D:\java\jdk1.8\jre\lib\ext\zipfs.jar;D:\java\jdk1.8\jre\lib\javaws.jar;D:\java\jdk1.8\jre\lib\jce.jar;D:\java\jdk1.8\jre\lib\jfr.jar;D:\java\jdk1.8\jre\lib\jfxswt.jar;D:\java\jdk1.8\jre\lib\jsse.jar;D:\java\jdk1.8\jre\lib\management-agent.jar;D:\java\jdk1.8\jre\lib\plugin.jar;D:\java\jdk1.8\jre\lib\resources.jar;D:\java\jdk1.8\jre\lib\rt.jar;D:\CodeSpace\practise\lw-springcloud\cxytiandi-conf-web\target\classes;D:\JavaDevelop\maven\my_local_repository\com\cxytiandi\cxytiandi-conf-client\1.0\cxytiandi-conf-client-1.0.jar;D:\JavaDevelop\maven\my_local_repository\org\springframework\spring-context\4.3.4.RELEASE\spring-context-4.3.4.RELEASE.jar;D:\JavaDevelop\maven\my_local_repository\org\springframework\spring-aop\4.3.4.RELEASE\spring-aop-4.3.4.RELEASE.jar;D:\JavaDevelop\maven\my_local_repository\org\springframework\spring-beans\4.3.4.RELEASE\spring-beans-4.3.4.RELEASE.jar;D:\JavaDevelop\maven\my_local_repository\org\springframework\spring-core\4.3.4.RELEASE\spring-core-4.3.4.RELEASE.jar;D:\JavaDevelop\maven\my_local_repository\org\springframework\spring-expression\4.3.4.RELEASE\spring-expression-4.3.4.RELEASE.jar;D:\JavaDevelop\maven\my_local_repository\org\springframework\spring-web\4.3.4.RELEASE\spring-web-4.3.4.RELEASE.jar;D:\JavaDevelop\maven\my_local_repository\org\apache\curator\curator-recipes\2.7.0\curator-recipes-2.7.0.jar;D:\JavaDevelop\maven\my_local_repository\org\apache\curator\curator-framework\2.7.0\curator-framework-2.7.0.jar;D:\JavaDevelop\maven\my_local_repository\org\apache\curator\curator-client\2.7.0\curator-client-2.7.0.jar;D:\JavaDevelop\maven\my_local_repository\org\apache\zookeeper\zookeeper\3.4.6\zookeeper-3.4.6.jar;D:\JavaDevelop\maven\my_local_repository\jline\jline\0.9.94\jline-0.9.94.jar;D:\JavaDevelop\maven\my_local_repository\io\netty\netty\3.7.0.Final\netty-3.7.0.Final.jar;D:\JavaDevelop\maven\my_local_repository\com\google\guava\guava\16.0.1\guava-16.0.1.jar;D:\JavaDevelop\maven\my_local_repository\com\fasterxml\jackson\core\jackson-core\2.8.4\jackson-core-2.8.4.jar;D:\JavaDevelop\maven\my_local_repository\com\fasterxml\jackson\core\jackson-databind\2.8.4\jackson-databind-2.8.4.jar;D:\JavaDevelop\maven\my_local_repository\com\fasterxml\jackson\core\jackson-annotations\2.8.4\jackson-annotations-2.8.4.jar;D:\JavaDevelop\maven\my_local_repository\org\springframework\boot\spring-boot-starter-web\1.4.2.RELEASE\spring-boot-starter-web-1.4.2.RELEASE.jar;D:\JavaDevelop\maven\my_local_repository\org\springframework\boot\spring-boot-starter\1.4.2.RELEASE\spring-boot-starter-1.4.2.RELEASE.jar;D:\JavaDevelop\maven\my_local_repository\org\springframework\boot\spring-boot\1.4.2.RELEASE\spring-boot-1.4.2.RELEASE.jar;D:\JavaDevelop\maven\my_local_repository\org\springframework\boot\spring-boot-autoconfigure\1.4.2.RELEASE\spring-boot-autoconfigure-1.4.2.RELEASE.jar;D:\JavaDevelop\maven\my_local_repository\org\springframework\boot\spring-boot-starter-logging\1.4.2.RELEASE\spring-boot-starter-logging-1.4.2.RELEASE.jar;D:\JavaDevelop\maven\my_local_repository\ch\qos\logback\logback-classic\1.1.7\logback-classic-1.1.7.jar;D:\JavaDevelop\maven\my_local_repository\ch\qos\logback\logback-core\1.1.7\logback-core-1.1.7.jar;D:\JavaDevelop\maven\my_local_repository\org\slf4j\jul-to-slf4j\1.7.21\jul-to-slf4j-1.7.21.jar;D:\JavaDevelop\maven\my_local_repository\org\slf4j\log4j-over-slf4j\1.7.21\log4j-over-slf4j-1.7.21.jar;D:\JavaDevelop\maven\my_local_repository\org\yaml\snakeyaml\1.17\snakeyaml-1.17.jar;D:\JavaDevelop\maven\my_local_repository\org\springframework\boot\spring-boot-starter-tomcat\1.4.2.RELEASE\spring-boot-starter-tomcat-1.4.2.RELEASE.jar;D:\JavaDevelop\maven\my_local_repository\org\apache\tomcat\embed\tomcat-embed-core\8.5.6\tomcat-embed-core-8.5.6.jar;D:\JavaDevelop\maven\my_local_repository\org\apache\tomcat\embed\tomcat-embed-el\8.5.6\tomcat-embed-el-8.5.6.jar;D:\JavaDevelop\maven\my_local_repository\org\apache\tomcat\embed\tomcat-embed-websocket\8.5.6\tomcat-embed-websocket-8.5.6.jar;D:\JavaDevelop\maven\my_local_repository\org\hibernate\hibernate-validator\5.2.4.Final\hibernate-validator-5.2.4.Final.jar;D:\JavaDevelop\maven\my_local_repository\javax\validation\validation-api\1.1.0.Final\validation-api-1.1.0.Final.jar;D:\JavaDevelop\maven\my_local_repository\org\jboss\logging\jboss-logging\3.3.0.Final\jboss-logging-3.3.0.Final.jar;D:\JavaDevelop\maven\my_local_repository\com\fasterxml\classmate\1.3.3\classmate-1.3.3.jar;D:\JavaDevelop\maven\my_local_repository\org\springframework\spring-webmvc\4.3.4.RELEASE\spring-webmvc-4.3.4.RELEASE.jar;D:\JavaDevelop\maven\my_local_repository\org\springframework\boot\spring-boot-starter-freemarker\1.4.2.RELEASE\spring-boot-starter-freemarker-1.4.2.RELEASE.jar;D:\JavaDevelop\maven\my_local_repository\org\freemarker\freemarker\2.3.25-incubating\freemarker-2.3.25-incubating.jar;D:\JavaDevelop\maven\my_local_repository\org\springframework\spring-context-support\4.3.4.RELEASE\spring-context-support-4.3.4.RELEASE.jar;D:\JavaDevelop\maven\my_local_repository\org\springframework\boot\spring-boot-starter-data-mongodb\1.4.2.RELEASE\spring-boot-starter-data-mongodb-1.4.2.RELEASE.jar;D:\JavaDevelop\maven\my_local_repository\org\mongodb\mongodb-driver\3.2.2\mongodb-driver-3.2.2.jar;D:\JavaDevelop\maven\my_local_repository\org\mongodb\mongodb-driver-core\3.2.2\mongodb-driver-core-3.2.2.jar;D:\JavaDevelop\maven\my_local_repository\org\mongodb\bson\3.2.2\bson-3.2.2.jar;D:\JavaDevelop\maven\my_local_repository\org\springframework\data\spring-data-mongodb\1.9.5.RELEASE\spring-data-mongodb-1.9.5.RELEASE.jar;D:\JavaDevelop\maven\my_local_repository\org\springframework\spring-tx\4.3.4.RELEASE\spring-tx-4.3.4.RELEASE.jar;D:\JavaDevelop\maven\my_local_repository\org\springframework\data\spring-data-commons\1.12.5.RELEASE\spring-data-commons-1.12.5.RELEASE.jar;D:\JavaDevelop\maven\my_local_repository\org\slf4j\slf4j-api\1.7.21\slf4j-api-1.7.21.jar;D:\JavaDevelop\maven\my_local_repository\org\slf4j\jcl-over-slf4j\1.7.21\jcl-over-slf4j-1.7.21.jar;D:\JavaDevelop\maven\my_local_repository\commons-lang\commons-lang\2.4\commons-lang-2.4.jar;D:\JavaDevelop\maven\my_local_repository\org\projectlombok\lombok\1.16.10\lombok-1.16.10.jar;D:\SoftWareInstall\IntelliJ IDEA 2018.1.7\lib\idea_rt.jar;C:\Users\wei.liu\AppData\Local\Temp\capture97jars\debugger-agent.jar
2019-03-07 18:27:34.947 [localhost-startStop-1] INFO  org.apache.zookeeper.ZooKeeper - Client environment:java.library.path=D:\java\jdk1.8\bin;C:\Windows\Sun\Java\bin;C:\Windows\system32;C:\Windows;D:\java\jdk1.8\bin;C:\ProgramData\Oracle\Java\javapath;C:\Windows\system32;C:\Windows;C:\Windows\System32\Wbem;C:\Windows\System32\WindowsPowerShell\v1.0\;C:\Program Files (x86)\OpenVPN\bin;D:\java\jdk1.8\jre\bin;D:\JavaDevelop\maven\maven3.1.1\bin;D:\JavaDevelop\Git\cmd;D:\JavaDevelop\nodejs\;D:\JavaDevelop\Erlang\erl9.3\bin;C:\Program Files (x86)\Microsoft SQL Server\100\Tools\Binn\VSShell\Common7\IDE\;C:\Program Files (x86)\Microsoft SQL Server\100\Tools\Binn\;C:\Program Files (x86)\Microsoft SQL Server\100\DTS\Binn\;C:\Program Files (x86)\Calibre2\;;D:\SoftWareInstall\Microsoft VS Code\bin;C:\Users\wei.liu\AppData\Roaming\npm;D:\SoftWareInstall\Fiddler;C:\Users\wei.liu\.babun;C:\Program Files\JetBrains\IntelliJ IDEA 2018.3\bin;;.
2019-03-07 18:27:34.947 [localhost-startStop-1] INFO  org.apache.zookeeper.ZooKeeper - Client environment:java.io.tmpdir=C:\Users\wei.liu\AppData\Local\Temp\
2019-03-07 18:27:34.947 [localhost-startStop-1] INFO  org.apache.zookeeper.ZooKeeper - Client environment:java.compiler=<NA>
2019-03-07 18:27:34.947 [localhost-startStop-1] INFO  org.apache.zookeeper.ZooKeeper - Client environment:os.name=Windows 7
2019-03-07 18:27:34.947 [localhost-startStop-1] INFO  org.apache.zookeeper.ZooKeeper - Client environment:os.arch=x86
2019-03-07 18:27:34.947 [localhost-startStop-1] INFO  org.apache.zookeeper.ZooKeeper - Client environment:os.version=6.1
2019-03-07 18:27:34.947 [localhost-startStop-1] INFO  org.apache.zookeeper.ZooKeeper - Client environment:user.name=wei.liu
2019-03-07 18:27:34.947 [localhost-startStop-1] INFO  org.apache.zookeeper.ZooKeeper - Client environment:user.home=C:\Users\wei.liu
2019-03-07 18:27:34.947 [localhost-startStop-1] INFO  org.apache.zookeeper.ZooKeeper - Client environment:user.dir=D:\CodeSpace\practise\lw-springcloud
2019-03-07 18:27:34.948 [localhost-startStop-1] INFO  org.apache.zookeeper.ZooKeeper - Initiating client connection, connectString=localhost:2181 sessionTimeout=1000 watcher=org.apache.curator.ConnectionState@1686dd4
2019-03-07 18:27:34.979 [localhost-startStop-1-SendThread(franchisee:2181)] INFO  org.apache.zookeeper.ClientCnxn - Opening socket connection to server franchisee/127.0.0.1:2181. Will not attempt to authenticate using SASL (unknown error)
2019-03-07 18:27:34.980 [localhost-startStop-1-SendThread(franchisee:2181)] INFO  org.apache.zookeeper.ClientCnxn - Socket connection established to franchisee/127.0.0.1:2181, initiating session
2019-03-07 18:27:34.987 [localhost-startStop-1-SendThread(franchisee:2181)] INFO  org.apache.zookeeper.ClientCnxn - Session establishment complete on server franchisee/127.0.0.1:2181, sessionid = 0x100257d2c9a001c, negotiated timeout = 4000
2019-03-07 18:27:34.993 [localhost-startStop-1-EventThread] INFO  o.a.curator.framework.state.ConnectionStateManager - State change: CONNECTED
2019-03-07 18:27:36.423 [main] INFO  o.s.w.s.m.m.a.RequestMappingHandlerAdapter - Looking for @ControllerAdvice: org.springframework.boot.context.embedded.AnnotationConfigEmbeddedWebApplicationContext@1cb4f5f: startup date [Thu Mar 07 18:27:31 CST 2019]; root of context hierarchy
2019-03-07 18:27:36.507 [main] INFO  o.s.w.s.m.m.a.RequestMappingHandlerMapping - Mapped "{[/],methods=[GET]}" onto public java.lang.Object org.cxytiandi.conf.web.controller.ConfController.index(org.cxytiandi.conf.web.model.ConfModel,java.util.Map<java.lang.String, java.lang.Object>,javax.servlet.http.HttpServletRequest)
2019-03-07 18:27:36.508 [main] INFO  o.s.w.s.m.m.a.RequestMappingHandlerMapping - Mapped "{[/conf/remove],methods=[POST]}" onto public java.lang.Object org.cxytiandi.conf.web.controller.ConfController.remove(java.lang.String)
2019-03-07 18:27:36.508 [main] INFO  o.s.w.s.m.m.a.RequestMappingHandlerMapping - Mapped "{[/conf/update],methods=[POST]}" onto public java.lang.Object org.cxytiandi.conf.web.controller.ConfController.update(java.util.List<org.cxytiandi.conf.web.model.NodeInfo>,javax.servlet.http.HttpServletRequest)
2019-03-07 18:27:36.508 [main] INFO  o.s.w.s.m.m.a.RequestMappingHandlerMapping - Mapped "{[/conf/push],methods=[POST]}" onto public java.lang.Object org.cxytiandi.conf.web.controller.ConfController.pushConf(java.util.List<org.cxytiandi.conf.web.model.NodeInfo>)
2019-03-07 18:27:36.509 [main] INFO  o.s.w.s.m.m.a.RequestMappingHandlerMapping - Mapped "{[/logs/{id}],methods=[GET]}" onto public java.lang.String org.cxytiandi.conf.web.controller.UpdateLogController.logPage(java.lang.String,java.util.Map<java.lang.String, java.lang.Object>)
2019-03-07 18:27:36.510 [main] INFO  o.s.w.s.m.m.a.RequestMappingHandlerMapping - Mapped "{[/user/login],methods=[POST]}" onto public java.lang.Object org.cxytiandi.conf.web.controller.UserController.login(java.lang.String,java.lang.String,java.util.Map<java.lang.String, java.lang.String>,javax.servlet.http.HttpServletRequest)
2019-03-07 18:27:36.510 [main] INFO  o.s.w.s.m.m.a.RequestMappingHandlerMapping - Mapped "{[/user/login],methods=[GET]}" onto public java.lang.Object org.cxytiandi.conf.web.controller.UserController.login()
2019-03-07 18:27:36.511 [main] INFO  o.s.w.s.m.m.a.RequestMappingHandlerMapping - Mapped "{[/user/logout],methods=[GET]}" onto public java.lang.Object org.cxytiandi.conf.web.controller.UserController.logout(javax.servlet.http.HttpServletRequest)
2019-03-07 18:27:36.512 [main] INFO  o.s.w.s.m.m.a.RequestMappingHandlerMapping - Mapped "{[/rest/conf/{id}],methods=[GET]}" onto public org.cxytiandi.conf.web.common.ResponseData org.cxytiandi.conf.web.rest.ConfRestApi.get(java.lang.String) throws org.cxytiandi.conf.web.common.GlobalException
2019-03-07 18:27:36.512 [main] INFO  o.s.w.s.m.m.a.RequestMappingHandlerMapping - Mapped "{[/rest/conf/list/{env}/{systemName}/{confFileName}],methods=[GET]}" onto public org.cxytiandi.conf.web.common.ResponseData org.cxytiandi.conf.web.rest.ConfRestApi.list(java.lang.String,java.lang.String,java.lang.String) throws org.cxytiandi.conf.web.common.GlobalException
2019-03-07 18:27:36.512 [main] INFO  o.s.w.s.m.m.a.RequestMappingHandlerMapping - Mapped "{[/rest/conf/list/{env}/{systemName}/{confFileName}/{key}],methods=[GET]}" onto public org.cxytiandi.conf.web.common.ResponseData org.cxytiandi.conf.web.rest.ConfRestApi.list(java.lang.String,java.lang.String,java.lang.String,java.lang.String) throws org.cxytiandi.conf.web.common.GlobalException
2019-03-07 18:27:36.513 [main] INFO  o.s.w.s.m.m.a.RequestMappingHandlerMapping - Mapped "{[/rest/conf/list/{env}/{systemName}],methods=[GET]}" onto public org.cxytiandi.conf.web.common.ResponseData org.cxytiandi.conf.web.rest.ConfRestApi.list(java.lang.String,java.lang.String) throws org.cxytiandi.conf.web.common.GlobalException
2019-03-07 18:27:36.513 [main] INFO  o.s.w.s.m.m.a.RequestMappingHandlerMapping - Mapped "{[/rest/conf/list/{env}],methods=[GET]}" onto public org.cxytiandi.conf.web.common.ResponseData org.cxytiandi.conf.web.rest.ConfRestApi.list(java.lang.String) throws org.cxytiandi.conf.web.common.GlobalException
2019-03-07 18:27:36.513 [main] INFO  o.s.w.s.m.m.a.RequestMappingHandlerMapping - Mapped "{[/rest/conf],methods=[POST]}" onto public org.cxytiandi.conf.web.common.ResponseData org.cxytiandi.conf.web.rest.ConfRestApi.save(org.cxytiandi.conf.web.domain.Conf) throws org.cxytiandi.conf.web.common.GlobalException
2019-03-07 18:27:36.513 [main] INFO  o.s.w.s.m.m.a.RequestMappingHandlerMapping - Mapped "{[/rest/conf/update],methods=[POST]}" onto public org.cxytiandi.conf.web.common.ResponseData org.cxytiandi.conf.web.rest.ConfRestApi.redesc(org.cxytiandi.conf.web.domain.Conf) throws org.cxytiandi.conf.web.common.GlobalException
2019-03-07 18:27:36.515 [main] INFO  o.s.w.s.m.m.a.RequestMappingHandlerMapping - Mapped "{[/error]}" onto public org.springframework.http.ResponseEntity<java.util.Map<java.lang.String, java.lang.Object>> org.springframework.boot.autoconfigure.web.BasicErrorController.error(javax.servlet.http.HttpServletRequest)
2019-03-07 18:27:36.515 [main] INFO  o.s.w.s.m.m.a.RequestMappingHandlerMapping - Mapped "{[/error],produces=[text/html]}" onto public org.springframework.web.servlet.ModelAndView org.springframework.boot.autoconfigure.web.BasicErrorController.errorHtml(javax.servlet.http.HttpServletRequest,javax.servlet.http.HttpServletResponse)
2019-03-07 18:27:36.549 [main] INFO  o.s.web.servlet.handler.SimpleUrlHandlerMapping - Mapped URL path [/webjars/**] onto handler of type [class org.springframework.web.servlet.resource.ResourceHttpRequestHandler]
2019-03-07 18:27:36.550 [main] INFO  o.s.web.servlet.handler.SimpleUrlHandlerMapping - Mapped URL path [/**] onto handler of type [class org.springframework.web.servlet.resource.ResourceHttpRequestHandler]
2019-03-07 18:27:36.569 [main] INFO  o.s.w.s.m.m.a.ExceptionHandlerExceptionResolver - Detected @ExceptionHandler methods in globalExceptionHandler
2019-03-07 18:27:36.656 [main] INFO  o.s.web.servlet.handler.SimpleUrlHandlerMapping - Mapped URL path [/**/favicon.ico] onto handler of type [class org.springframework.web.servlet.resource.ResourceHttpRequestHandler]
2019-03-07 18:27:36.852 [main] INFO  o.s.w.servlet.view.freemarker.FreeMarkerConfigurer - ClassTemplateLoader for Spring macros added to FreeMarker configuration
2019-03-07 18:27:37.028 [main] INFO  o.s.jmx.export.annotation.AnnotationMBeanExporter - Registering beans for JMX exposure on startup
2019-03-07 18:27:37.048 [main] INFO  org.apache.coyote.http11.Http11NioProtocol - Initializing ProtocolHandler ["http-nio-8080"]
2019-03-07 18:27:37.057 [main] INFO  org.apache.coyote.http11.Http11NioProtocol - Starting ProtocolHandler [http-nio-8080]
2019-03-07 18:27:37.058 [main] INFO  org.apache.tomcat.util.net.NioSelectorPool - Using a shared selector for servlet write/read
2019-03-07 18:27:37.077 [main] INFO  o.s.b.c.e.tomcat.TomcatEmbeddedServletContainer - Tomcat started on port(s): 8080 (http)
2019-03-07 18:27:37.081 [main] INFO  org.cxytiandi.conf.web.App - Started App in 5.808 seconds (JVM running for 7.437)
2019-03-07 18:27:50.961 [http-nio-8080-exec-1] INFO  o.a.c.core.ContainerBase.[Tomcat].[localhost].[/] - Initializing Spring FrameworkServlet 'dispatcherServlet'
2019-03-07 18:27:50.961 [http-nio-8080-exec-1] INFO  org.springframework.web.servlet.DispatcherServlet - FrameworkServlet 'dispatcherServlet': initialization started
2019-03-07 18:27:50.978 [http-nio-8080-exec-1] INFO  org.springframework.web.servlet.DispatcherServlet - FrameworkServlet 'dispatcherServlet': initialization completed in 17 ms
